{
  "stats": {
    "suites": 1,
    "tests": 1,
    "passes": 1,
    "pending": 0,
    "failures": 0,
    "start": "2020-12-16T14:58:45.918Z",
    "end": "2020-12-16T14:58:56.595Z",
    "duration": 10677,
    "testsRegistered": 1,
    "passPercent": 100,
    "pendingPercent": 0,
    "other": 0,
    "hasOther": false,
    "skipped": 0,
    "hasSkipped": false
  },
  "results": [
    {
      "uuid": "a1e805cc-6461-4163-85b9-0b8a4b0d9d30",
      "title": "",
      "fullFile": "cypress\\integration\\automation-test-store\\contact-us.js",
      "file": "cypress\\integration\\automation-test-store\\contact-us.js",
      "beforeHooks": [],
      "afterHooks": [],
      "tests": [],
      "suites": [
        {
          "uuid": "4433c41b-1b63-4ff2-8c37-f19d716b4759",
          "title": "Test contact us form via automation store",
          "fullFile": "",
          "file": "",
          "beforeHooks": [],
          "afterHooks": [],
          "tests": [
            {
              "title": "Should be able to submit a successful submision via contact us form",
              "fullTitle": "Test contact us form via automation store Should be able to submit a successful submision via contact us form",
              "timedOut": null,
              "duration": 9478,
              "state": "passed",
              "speed": "slow",
              "pass": true,
              "fail": false,
              "pending": false,
              "context": null,
              "code": "cy.visit(\"https://automationteststore.com/\"); // cy.xpath(\"//a[contains(@href, 'contact')]\").click()\ncy.get(\"a[href$='contact']\").click().then(function (linkText) {\n  cy.log(\"Link text is: \".concat(linkText.text()));\n});\ncy.get(\"@user\").then(function (user) {\n  cy.get(\"#ContactUsFrm_first_name\").type(user.first_name);\n  cy.get(\"#ContactUsFrm_email\").type(user.email);\n});\ncy.get(\"#ContactUsFrm_email\").should(\"have.attr\", \"name\", \"email\");\ncy.get(\"#ContactUsFrm_enquiry\").type(\"chieu nay cha co gi hot\");\ncy.get(\"button[title='Submit']\").click();\ncy.get(\".contentpanel\").should(\"contain.text\", \"Your enquiry has been successfully sent to the store owner!\");\ncy.log(\"Test has completed\");",
              "err": {},
              "uuid": "e2296027-5e00-478a-9303-f00cadc40f7d",
              "parentUUID": "4433c41b-1b63-4ff2-8c37-f19d716b4759",
              "isHook": false,
              "skipped": false
            }
          ],
          "suites": [],
          "passes": [
            "e2296027-5e00-478a-9303-f00cadc40f7d"
          ],
          "failures": [],
          "pending": [],
          "skipped": [],
          "duration": 9478,
          "root": false,
          "rootEmpty": false,
          "_timeout": 2000
        }
      ],
      "passes": [],
      "failures": [],
      "pending": [],
      "skipped": [],
      "duration": 0,
      "root": true,
      "rootEmpty": true,
      "_timeout": 2000
    }
  ],
  "meta": {
    "mocha": {
      "version": "7.0.1"
    },
    "mochawesome": {
      "options": {
        "quiet": false,
        "reportFilename": "mochawesome",
        "saveHtml": false,
        "saveJson": true,
        "consoleReporter": "spec",
        "useInlineDiffs": false,
        "code": true
      },
      "version": "6.2.1"
    },
    "marge": {
      "options": {
        "id": "default",
        "reportDir": "cypress/results/mochawesome",
        "overwrite": false,
        "html": false,
        "json": true
      },
      "version": "5.1.0"
    }
  }
}