{
  "stats": {
    "suites": 1,
    "tests": 3,
    "passes": 3,
    "pending": 0,
    "failures": 0,
    "start": "2020-12-16T14:59:48.749Z",
    "end": "2020-12-16T15:00:00.273Z",
    "duration": 11524,
    "testsRegistered": 3,
    "passPercent": 100,
    "pendingPercent": 0,
    "other": 0,
    "hasOther": false,
    "skipped": 0,
    "hasSkipped": false
  },
  "results": [
    {
      "uuid": "62448b48-155c-462f-a5b5-a4ee791550c1",
      "title": "",
      "fullFile": "cypress\\integration\\automation-test-store\\variables-and-cy-commands.js",
      "file": "cypress\\integration\\automation-test-store\\variables-and-cy-commands.js",
      "beforeHooks": [],
      "afterHooks": [],
      "tests": [],
      "suites": [
        {
          "uuid": "8d3520a1-9acc-4282-9593-f36de1a7f185",
          "title": "Verify variable, cypress commands and jquery commands",
          "fullFile": "",
          "file": "",
          "beforeHooks": [],
          "afterHooks": [],
          "tests": [
            {
              "title": "Navigate to specific product page",
              "fullTitle": "Verify variable, cypress commands and jquery commands Navigate to specific product page",
              "timedOut": null,
              "duration": 7726,
              "state": "passed",
              "speed": "slow",
              "pass": true,
              "fail": false,
              "pending": false,
              "context": null,
              "code": "cy.visit(\"https://automationteststore.com/\"); // const makeupLink = cy\n//   .get(\"[href*='=product/category&path=']\")\n//   .contains(\"Makeup\");\n// makeupLink.click();\n// const skincareLink = cy\n//   .get(\"[href*='=product/category&path=']\")\n//   .contains(\"Skincare\");\n// skincareLink.click();\ncy.get(\"[href*='=product/category&path=']\").contains(\"Makeup\").click();\ncy.get(\"[href*='=product/category&path=']\").contains(\"Skincare\").click();",
              "err": {},
              "uuid": "f7e4e2c5-85fd-43ac-a747-e9df5f48d5b2",
              "parentUUID": "8d3520a1-9acc-4282-9593-f36de1a7f185",
              "isHook": false,
              "skipped": false
            },
            {
              "title": "Navigate to specific product page",
              "fullTitle": "Verify variable, cypress commands and jquery commands Navigate to specific product page",
              "timedOut": null,
              "duration": 1501,
              "state": "passed",
              "speed": "slow",
              "pass": true,
              "fail": false,
              "pending": false,
              "context": null,
              "code": "cy.visit(\"https://automationteststore.com/\");\ncy.get(\"[href*='=product/category&path=']\").contains(\"Makeup\").click(); // Following code will fail\n// const header = cy.get(\"h1 .maintext\");\n// cy.log(header.text());\n// using then\ncy.get(\"h1 .maintext\").then(function (headerText) {\n  var headerTextP = headerText.text();\n  cy.log(\"Found header text: \".concat(headerTextP));\n  expect(headerTextP).is.eq(\"Makeup\");\n});",
              "err": {},
              "uuid": "86624135-5965-41e7-ad93-27039e49c3d1",
              "parentUUID": "8d3520a1-9acc-4282-9593-f36de1a7f185",
              "isHook": false,
              "skipped": false
            },
            {
              "title": "Validate properties of Contact us page",
              "fullTitle": "Verify variable, cypress commands and jquery commands Validate properties of Contact us page",
              "timedOut": null,
              "duration": 874,
              "state": "passed",
              "speed": "slow",
              "pass": true,
              "fail": false,
              "pending": false,
              "context": null,
              "code": "cy.visit(\"https://automationteststore.com/index.php?rt=content/contact\"); //Uses cypress commands and chaining\ncy.get(\"#ContactUsFrm\").find(\"#field_11\").should(\"contain\", \"First name:\"); // JQuery Approach\ncy.contains(\"#ContactUsFrm\", \"Contact Us Form\").then(function (text) {\n  var firstName = text.find(\"#field_11\").text();\n  expect(firstName).to.contain(\"First name\");\n}); //Embedded commands (Closure)",
              "err": {},
              "uuid": "8f7911b7-f9c9-4095-b819-4973dca9a698",
              "parentUUID": "8d3520a1-9acc-4282-9593-f36de1a7f185",
              "isHook": false,
              "skipped": false
            }
          ],
          "suites": [],
          "passes": [
            "f7e4e2c5-85fd-43ac-a747-e9df5f48d5b2",
            "86624135-5965-41e7-ad93-27039e49c3d1",
            "8f7911b7-f9c9-4095-b819-4973dca9a698"
          ],
          "failures": [],
          "pending": [],
          "skipped": [],
          "duration": 10101,
          "root": false,
          "rootEmpty": false,
          "_timeout": 2000
        }
      ],
      "passes": [],
      "failures": [],
      "pending": [],
      "skipped": [],
      "duration": 0,
      "root": true,
      "rootEmpty": true,
      "_timeout": 2000
    }
  ],
  "meta": {
    "mocha": {
      "version": "7.0.1"
    },
    "mochawesome": {
      "options": {
        "quiet": false,
        "reportFilename": "mochawesome",
        "saveHtml": false,
        "saveJson": true,
        "consoleReporter": "spec",
        "useInlineDiffs": false,
        "code": true
      },
      "version": "6.2.1"
    },
    "marge": {
      "options": {
        "id": "default",
        "reportDir": "cypress/results/mochawesome",
        "overwrite": false,
        "html": false,
        "json": true
      },
      "version": "5.1.0"
    }
  }
}